logger=context userId=1 orgId=1 uname=admin t=2024-03-03T12:29:54.49667433+09:00 level=info msg="Request Completed" method=GET path=/api/live/ws status=-1 remote_addr=[::1] time_ms=13 duration=13.660559ms size=0 referer= handler=/api/live/ws
logger=cleanup t=2024-03-03T12:30:17.973433021+09:00 level=info msg="Completed cleanup jobs" duration=4.543153ms
logger=grafana.update.checker t=2024-03-03T12:30:18.08756849+09:00 level=info msg="Update check succeeded" duration=50.088285ms
logger=plugins.update.checker t=2024-03-03T12:30:18.418396682+09:00 level=info msg="Update check succeeded" duration=199.64358ms
logger=settings t=2024-03-03T13:21:31.57301623+09:00 level=info msg="Starting Grafana" version=9.5.12 commit=unknown-dev branch=main compiled=2024-03-02T01:14:54+09:00
logger=settings t=2024-03-03T13:21:31.573594014+09:00 level=warn msg="\"sentry\" frontend logging provider is deprecated and will be removed in the next major version. Use \"grafana\" provider instead."
logger=settings t=2024-03-03T13:21:31.573626931+09:00 level=info msg="Config loaded from" file=/home/dmyang/grafana/conf/defaults.ini
logger=settings t=2024-03-03T13:21:31.5736471+09:00 level=info msg=Target target=[all]
logger=settings t=2024-03-03T13:21:31.573667489+09:00 level=info msg="Path Home" path=/home/dmyang/grafana
logger=settings t=2024-03-03T13:21:31.57367472+09:00 level=info msg="Path Data" path=/home/dmyang/grafana/data
logger=settings t=2024-03-03T13:21:31.573691898+09:00 level=info msg="Path Logs" path=/home/dmyang/grafana/data/log
logger=settings t=2024-03-03T13:21:31.573734915+09:00 level=info msg="Path Plugins" path=/home/dmyang/grafana/data/plugins
logger=settings t=2024-03-03T13:21:31.573762861+09:00 level=info msg="Path Provisioning" path=/home/dmyang/grafana/conf/provisioning
logger=settings t=2024-03-03T13:21:31.574133801+09:00 level=info msg="App mode production"
logger=sqlstore t=2024-03-03T13:21:31.574262223+09:00 level=info msg="Connecting to DB" dbtype=sqlite3
logger=migrator t=2024-03-03T13:21:31.59406279+09:00 level=info msg="Starting DB migrations"
logger=migrator t=2024-03-03T13:21:31.599595063+09:00 level=info msg="migrations completed" performed=0 skipped=484 duration=313.452µs
logger=secrets t=2024-03-03T13:21:31.600090036+09:00 level=info msg="Envelope encryption state" enabled=true currentprovider=secretKey.v1
logger=plugin.loader t=2024-03-03T13:21:31.684955917+09:00 level=warn msg="Plugin missing module.js" pluginID=input warning="Missing module.js, If you loaded this plugin from git, make sure to compile it."
logger=plugin.loader t=2024-03-03T13:21:31.685005428+09:00 level=info msg="Plugin registered" pluginID=input
logger=local.finder t=2024-03-03T13:21:31.685051228+09:00 level=warn msg="Skipping finding plugins as directory does not exist" path=/home/dmyang/grafana/data/plugins
logger=query_data t=2024-03-03T13:21:31.691693476+09:00 level=info msg="Query Service initialization"
logger=live.push_http t=2024-03-03T13:21:31.694133771+09:00 level=info msg="Live Push Gateway initialization"
logger=infra.usagestats.collector t=2024-03-03T13:21:32.399869777+09:00 level=info msg="registering usage stat providers" usageStatsProvidersLen=2
logger=provisioning.alerting t=2024-03-03T13:21:32.40313314+09:00 level=warn msg="file has invalid suffix 'sample.yaml:Zone.Identifier' (.yaml,.yml,.json accepted), skipping"
logger=provisioning.alerting t=2024-03-03T13:21:32.403166137+09:00 level=info msg="starting to provision alerting"
logger=provisioning.alerting t=2024-03-03T13:21:32.403188227+09:00 level=info msg="finished to provision alerting"
logger=modules t=2024-03-03T13:21:32.404025505+09:00 level=warn msg="No modules registered..."
logger=ngalert.state.manager t=2024-03-03T13:21:32.404356169+09:00 level=info msg="Warming state cache for startup"
logger=grafanaStorageLogger t=2024-03-03T13:21:32.404306432+09:00 level=info msg="storage starting"
logger=http.server t=2024-03-03T13:21:32.409313892+09:00 level=info msg="HTTP Server Listen" address=[::]:3000 protocol=http subUrl= socket=
logger=ngalert.state.manager t=2024-03-03T13:21:32.431400656+09:00 level=info msg="State cache has been initialized" states=0 duration=27.043037ms
logger=ngalert.multiorg.alertmanager t=2024-03-03T13:21:32.431486249+09:00 level=info msg="starting MultiOrg Alertmanager"
logger=ticker t=2024-03-03T13:21:32.431758274+09:00 level=info msg=starting first_tick=2024-03-03T13:21:40+09:00
logger=grafana.update.checker t=2024-03-03T13:21:32.431845203+09:00 level=info msg="Update check succeeded" duration=27.104303ms
logger=plugins.update.checker t=2024-03-03T13:21:32.675808296+09:00 level=info msg="Update check succeeded" duration=271.573717ms
logger=cleanup t=2024-03-03T13:31:32.416519993+09:00 level=info msg="Completed cleanup jobs" duration=11.556456ms
logger=grafana.update.checker t=2024-03-03T13:31:32.45688904+09:00 level=info msg="Update check succeeded" duration=24.660208ms
logger=plugins.update.checker t=2024-03-03T13:31:32.876992826+09:00 level=info msg="Update check succeeded" duration=200.735471ms
logger=cleanup t=2024-03-03T13:41:32.414306902+09:00 level=info msg="Completed cleanup jobs" duration=9.266907ms
logger=grafana.update.checker t=2024-03-03T13:41:32.450361796+09:00 level=info msg="Update check succeeded" duration=17.265791ms
logger=plugins.update.checker t=2024-03-03T13:41:32.974738166+09:00 level=info msg="Update check succeeded" duration=298.430309ms
logger=cleanup t=2024-03-03T13:51:32.416341052+09:00 level=info msg="Completed cleanup jobs" duration=10.727882ms
logger=grafana.update.checker t=2024-03-03T13:51:32.481991029+09:00 level=info msg="Update check succeeded" duration=49.562384ms
logger=plugins.update.checker t=2024-03-03T13:51:32.898787468+09:00 level=info msg="Update check succeeded" duration=221.586652ms
logger=context userId=1 orgId=1 uname=admin t=2024-03-03T13:53:18.852880008+09:00 level=info msg="Request Completed" method=GET path=/api/live/ws status=-1 remote_addr=[::1] time_ms=3 duration=3.678191ms size=0 referer= handler=/api/live/ws
logger=context userId=1 orgId=1 uname=admin t=2024-03-03T13:53:30.65239638+09:00 level=info msg="Request Completed" method=GET path=/api/plugins/grafana-oncall-app/settings status=404 remote_addr=[::1] time_ms=0 duration=286.778µs size=64 referer=http://localhost:3000/alerting/notifications handler=/api/plugins/:pluginId/settings
logger=context userId=1 orgId=1 uname=admin t=2024-03-03T13:53:31.470849978+09:00 level=info msg="Request Completed" method=GET path=/api/plugins/grafana-oncall-app/settings status=404 remote_addr=[::1] time_ms=0 duration=322.536µs size=64 referer=http://localhost:3000/alerting/routes handler=/api/plugins/:pluginId/settings
logger=context userId=1 orgId=1 uname=admin t=2024-03-03T13:53:31.472544331+09:00 level=info msg="Request Completed" method=GET path=/api/plugins/grafana-oncall-app/settings status=404 remote_addr=[::1] time_ms=0 duration=435.103µs size=64 referer=http://localhost:3000/alerting/routes handler=/api/plugins/:pluginId/settings
logger=context userId=1 orgId=1 uname=admin t=2024-03-03T13:53:33.840487198+09:00 level=error msg="no admin configuration available" error="no admin configuration available" remote_addr=[::1] traceID=
logger=context userId=1 orgId=1 uname=admin t=2024-03-03T13:53:33.840615845+09:00 level=info msg="Request Completed" method=GET path=/api/v1/ngalert/admin_config status=404 remote_addr=[::1] time_ms=0 duration=895.419µs size=59 referer=http://localhost:3000/alerting/admin handler=/api/v1/ngalert/admin_config
logger=context userId=1 orgId=1 uname=admin t=2024-03-03T13:53:34.319551016+09:00 level=info msg="Request Completed" method=GET path=/api/plugins/grafana-oncall-app/settings status=404 remote_addr=[::1] time_ms=0 duration=370.833µs size=64 referer=http://localhost:3000/alerting/routes handler=/api/plugins/:pluginId/settings
logger=context userId=1 orgId=1 uname=admin t=2024-03-03T13:53:34.321134223+09:00 level=info msg="Request Completed" method=GET path=/api/plugins/grafana-oncall-app/settings status=404 remote_addr=[::1] time_ms=0 duration=199.39µs size=64 referer=http://localhost:3000/alerting/routes handler=/api/plugins/:pluginId/settings
logger=context userId=1 orgId=1 uname=admin t=2024-03-03T13:53:35.185861285+09:00 level=info msg="Request Completed" method=GET path=/api/plugins/grafana-oncall-app/settings status=404 remote_addr=[::1] time_ms=0 duration=430.97µs size=64 referer=http://localhost:3000/alerting/notifications handler=/api/plugins/:pluginId/settings
logger=context userId=1 orgId=1 uname=admin t=2024-03-03T13:53:36.568699411+09:00 level=error msg="Failed to build evaluator for queries and expressions: expression 'A' cannot reference itself. Must be query or another expression" error="Failed to build evaluator for queries and expressions: expression 'A' cannot reference itself. Must be query or another expression" remote_addr=[::1] traceID=
logger=context userId=1 orgId=1 uname=admin t=2024-03-03T13:53:36.568830423+09:00 level=info msg="Request Completed" method=POST path=/api/v1/eval status=400 remote_addr=[::1] time_ms=43 duration=43.652093ms size=157 referer=http://localhost:3000/alerting/new handler=/api/v1/eval
logger=context userId=1 orgId=1 uname=admin t=2024-03-03T14:00:12.849565616+09:00 level=info msg="Request Completed" method=GET path=/test status=404 remote_addr=[::1] time_ms=7 duration=7.850186ms size=39478 referer= handler=notfound
logger=context userId=1 orgId=1 uname=admin t=2024-03-03T14:00:14.191033223+09:00 level=info msg="Request Completed" method=GET path=/api/live/ws status=-1 remote_addr=[::1] time_ms=0 duration=543.246µs size=0 referer= handler=/api/live/ws
logger=context userId=1 orgId=1 uname=admin t=2024-03-03T14:00:50.215254811+09:00 level=info msg="Request Completed" method=GET path=/test status=404 remote_addr=[::1] time_ms=2 duration=2.733035ms size=39478 referer= handler=notfound
logger=context userId=1 orgId=1 uname=admin t=2024-03-03T14:00:50.842217653+09:00 level=info msg="Request Completed" method=GET path=/api/live/ws status=-1 remote_addr=[::1] time_ms=0 duration=602.027µs size=0 referer= handler=/api/live/ws
logger=context userId=1 orgId=1 uname=admin t=2024-03-03T14:00:51.913445915+09:00 level=info msg="Request Completed" method=GET path=/test status=404 remote_addr=[::1] time_ms=1 duration=1.690077ms size=39478 referer= handler=notfound
logger=context userId=1 orgId=1 uname=admin t=2024-03-03T14:00:52.101235607+09:00 level=info msg="Request Completed" method=GET path=/api/live/ws status=-1 remote_addr=[::1] time_ms=0 duration=733.781µs size=0 referer= handler=/api/live/ws
logger=context userId=1 orgId=1 uname=admin t=2024-03-03T14:00:52.670126401+09:00 level=info msg="Request Completed" method=GET path=/test status=404 remote_addr=[::1] time_ms=1 duration=1.711409ms size=39478 referer= handler=notfound
logger=context userId=1 orgId=1 uname=admin t=2024-03-03T14:00:52.822903041+09:00 level=info msg="Request Completed" method=GET path=/api/live/ws status=-1 remote_addr=[::1] time_ms=0 duration=537.503µs size=0 referer= handler=/api/live/ws
logger=cleanup t=2024-03-03T14:01:32.416711273+09:00 level=info msg="Completed cleanup jobs" duration=11.494467ms
logger=grafana.update.checker t=2024-03-03T14:01:32.454532704+09:00 level=info msg="Update check succeeded" duration=22.070823ms
logger=plugins.update.checker t=2024-03-03T14:01:32.879106693+09:00 level=info msg="Update check succeeded" duration=202.531131ms
logger=context userId=1 orgId=1 uname=admin t=2024-03-03T14:02:45.737351067+09:00 level=info msg="Request Completed" method=GET path=/test status=404 remote_addr=[::1] time_ms=3 duration=3.493087ms size=39478 referer= handler=notfound
logger=context userId=1 orgId=1 uname=admin t=2024-03-03T14:02:46.844745186+09:00 level=info msg="Request Completed" method=GET path=/api/live/ws status=-1 remote_addr=[::1] time_ms=1 duration=1.180599ms size=0 referer= handler=/api/live/ws
logger=context userId=1 orgId=1 uname=admin t=2024-03-03T14:03:13.36412336+09:00 level=info msg="Request Completed" method=GET path=/test status=404 remote_addr=[::1] time_ms=2 duration=2.770016ms size=39478 referer= handler=notfound
logger=context userId=1 orgId=1 uname=admin t=2024-03-03T14:03:14.007653569+09:00 level=info msg="Request Completed" method=GET path=/api/live/ws status=-1 remote_addr=[::1] time_ms=0 duration=528.414µs size=0 referer= handler=/api/live/ws
logger=server t=2024-03-03T14:03:17.660236345+09:00 level=info msg="Shutdown started" reason="System signal: interrupt"
logger=tracing t=2024-03-03T14:03:17.660555283+09:00 level=info msg="Closing tracing"
logger=ticker t=2024-03-03T14:03:17.660713955+09:00 level=info msg=stopped last_tick=2024-03-03T14:03:10+09:00
logger=settings t=2024-03-03T14:03:18.415446329+09:00 level=info msg="Starting Grafana" version=9.5.12 commit=unknown-dev branch=main compiled=2024-03-02T01:14:54+09:00
logger=settings t=2024-03-03T14:03:18.415644324+09:00 level=warn msg="\"sentry\" frontend logging provider is deprecated and will be removed in the next major version. Use \"grafana\" provider instead."
logger=settings t=2024-03-03T14:03:18.415720585+09:00 level=info msg="Config loaded from" file=/home/dmyang/grafana/conf/defaults.ini
logger=settings t=2024-03-03T14:03:18.415819688+09:00 level=info msg=Target target=[all]
logger=settings t=2024-03-03T14:03:18.415930272+09:00 level=info msg="Path Home" path=/home/dmyang/grafana
logger=settings t=2024-03-03T14:03:18.416579139+09:00 level=info msg="Path Data" path=/home/dmyang/grafana/data
logger=settings t=2024-03-03T14:03:18.416604211+09:00 level=info msg="Path Logs" path=/home/dmyang/grafana/data/log
logger=settings t=2024-03-03T14:03:18.416611618+09:00 level=info msg="Path Plugins" path=/home/dmyang/grafana/data/plugins
logger=settings t=2024-03-03T14:03:18.416630276+09:00 level=info msg="Path Provisioning" path=/home/dmyang/grafana/conf/provisioning
logger=settings t=2024-03-03T14:03:18.416647546+09:00 level=info msg="App mode production"
logger=sqlstore t=2024-03-03T14:03:18.416863753+09:00 level=info msg="Connecting to DB" dbtype=sqlite3
logger=migrator t=2024-03-03T14:03:18.427928334+09:00 level=info msg="Starting DB migrations"
logger=migrator t=2024-03-03T14:03:18.431821214+09:00 level=info msg="migrations completed" performed=0 skipped=484 duration=271.872µs
logger=secrets t=2024-03-03T14:03:18.432643931+09:00 level=info msg="Envelope encryption state" enabled=true currentprovider=secretKey.v1
logger=plugin.loader t=2024-03-03T14:03:18.458352865+09:00 level=warn msg="Plugin missing module.js" pluginID=input warning="Missing module.js, If you loaded this plugin from git, make sure to compile it."
logger=plugin.loader t=2024-03-03T14:03:18.458488583+09:00 level=info msg="Plugin registered" pluginID=input
logger=local.finder t=2024-03-03T14:03:18.458906462+09:00 level=warn msg="Skipping finding plugins as directory does not exist" path=/home/dmyang/grafana/data/plugins
logger=query_data t=2024-03-03T14:03:18.461765842+09:00 level=info msg="Query Service initialization"
logger=live.push_http t=2024-03-03T14:03:18.463836731+09:00 level=info msg="Live Push Gateway initialization"
logger=infra.usagestats.collector t=2024-03-03T14:03:19.164659058+09:00 level=info msg="registering usage stat providers" usageStatsProvidersLen=2
logger=provisioning.alerting t=2024-03-03T14:03:19.165133996+09:00 level=warn msg="file has invalid suffix 'sample.yaml:Zone.Identifier' (.yaml,.yml,.json accepted), skipping"
logger=provisioning.alerting t=2024-03-03T14:03:19.165175827+09:00 level=info msg="starting to provision alerting"
logger=provisioning.alerting t=2024-03-03T14:03:19.165195737+09:00 level=info msg="finished to provision alerting"
logger=ngalert.state.manager t=2024-03-03T14:03:19.165563639+09:00 level=info msg="Warming state cache for startup"
logger=grafanaStorageLogger t=2024-03-03T14:03:19.165741457+09:00 level=info msg="storage starting"
logger=modules t=2024-03-03T14:03:19.165806113+09:00 level=warn msg="No modules registered..."
logger=http.server t=2024-03-03T14:03:19.166606102+09:00 level=info msg="HTTP Server Listen" address=[::]:3000 protocol=http subUrl= socket=
logger=ngalert.state.manager t=2024-03-03T14:03:19.177411502+09:00 level=info msg="State cache has been initialized" states=0 duration=11.844264ms
logger=ticker t=2024-03-03T14:03:19.177528125+09:00 level=info msg=starting first_tick=2024-03-03T14:03:20+09:00
logger=ngalert.multiorg.alertmanager t=2024-03-03T14:03:19.177577529+09:00 level=info msg="starting MultiOrg Alertmanager"
logger=grafana.update.checker t=2024-03-03T14:03:19.197632563+09:00 level=info msg="Update check succeeded" duration=31.653054ms
logger=plugins.update.checker t=2024-03-03T14:03:19.388557797+09:00 level=info msg="Update check succeeded" duration=222.491617ms
logger=context userId=1 orgId=1 uname=admin t=2024-03-03T14:03:19.66950181+09:00 level=info msg="Request Completed" method=GET path=/api/live/ws status=-1 remote_addr=[::1] time_ms=1 duration=1.824666ms size=0 referer= handler=/api/live/ws
logger=context userId=1 orgId=1 uname=admin t=2024-03-03T14:03:20.723801058+09:00 level=info msg="Request Completed" method=GET path=/test status=404 remote_addr=[::1] time_ms=7 duration=7.554543ms size=39478 referer= handler=notfound
logger=context userId=1 orgId=1 uname=admin t=2024-03-03T14:03:20.942834499+09:00 level=info msg="Request Completed" method=GET path=/api/live/ws status=-1 remote_addr=[::1] time_ms=5 duration=5.930899ms size=0 referer= handler=/api/live/ws
logger=context userId=1 orgId=1 uname=admin t=2024-03-03T14:03:28.65753947+09:00 level=info msg="Request Completed" method=GET path=/test status=404 remote_addr=[::1] time_ms=1 duration=1.638397ms size=39478 referer= handler=notfound
logger=context userId=1 orgId=1 uname=admin t=2024-03-03T14:03:28.960677531+09:00 level=info msg="Request Completed" method=GET path=/api/live/ws status=-1 remote_addr=[::1] time_ms=0 duration=522.823µs size=0 referer= handler=/api/live/ws
logger=server t=2024-03-03T14:03:31.898980805+09:00 level=info msg="Shutdown started" reason="System signal: interrupt"
logger=ticker t=2024-03-03T14:03:31.899156765+09:00 level=info msg=stopped last_tick=2024-03-03T14:03:30+09:00
logger=tracing t=2024-03-03T14:03:31.899401865+09:00 level=info msg="Closing tracing"
logger=settings t=2024-03-03T14:03:32.731918454+09:00 level=info msg="Starting Grafana" version=9.5.12 commit=unknown-dev branch=main compiled=2024-03-02T01:14:54+09:00
logger=settings t=2024-03-03T14:03:32.732115976+09:00 level=warn msg="\"sentry\" frontend logging provider is deprecated and will be removed in the next major version. Use \"grafana\" provider instead."
logger=settings t=2024-03-03T14:03:32.732161175+09:00 level=info msg="Config loaded from" file=/home/dmyang/grafana/conf/defaults.ini
logger=settings t=2024-03-03T14:03:32.732183251+09:00 level=info msg=Target target=[all]
logger=settings t=2024-03-03T14:03:32.732207859+09:00 level=info msg="Path Home" path=/home/dmyang/grafana
logger=settings t=2024-03-03T14:03:32.732226747+09:00 level=info msg="Path Data" path=/home/dmyang/grafana/data
logger=settings t=2024-03-03T14:03:32.732244866+09:00 level=info msg="Path Logs" path=/home/dmyang/grafana/data/log
logger=settings t=2024-03-03T14:03:32.732264294+09:00 level=info msg="Path Plugins" path=/home/dmyang/grafana/data/plugins
logger=settings t=2024-03-03T14:03:32.732271554+09:00 level=info msg="Path Provisioning" path=/home/dmyang/grafana/conf/provisioning
logger=settings t=2024-03-03T14:03:32.732292737+09:00 level=info msg="App mode production"
logger=sqlstore t=2024-03-03T14:03:32.73242124+09:00 level=info msg="Connecting to DB" dbtype=sqlite3
logger=migrator t=2024-03-03T14:03:32.74445216+09:00 level=info msg="Starting DB migrations"
logger=migrator t=2024-03-03T14:03:32.748071774+09:00 level=info msg="migrations completed" performed=0 skipped=484 duration=280.936µs
logger=secrets t=2024-03-03T14:03:32.748463613+09:00 level=info msg="Envelope encryption state" enabled=true currentprovider=secretKey.v1
logger=plugin.loader t=2024-03-03T14:03:32.771804291+09:00 level=warn msg="Plugin missing module.js" pluginID=input warning="Missing module.js, If you loaded this plugin from git, make sure to compile it."
logger=plugin.loader t=2024-03-03T14:03:32.771881256+09:00 level=info msg="Plugin registered" pluginID=input
logger=local.finder t=2024-03-03T14:03:32.771891784+09:00 level=warn msg="Skipping finding plugins as directory does not exist" path=/home/dmyang/grafana/data/plugins
logger=query_data t=2024-03-03T14:03:32.774109629+09:00 level=info msg="Query Service initialization"
logger=live.push_http t=2024-03-03T14:03:32.777322529+09:00 level=info msg="Live Push Gateway initialization"
logger=infra.usagestats.collector t=2024-03-03T14:03:33.506559708+09:00 level=info msg="registering usage stat providers" usageStatsProvidersLen=2
logger=provisioning.alerting t=2024-03-03T14:03:33.506998758+09:00 level=warn msg="file has invalid suffix 'sample.yaml:Zone.Identifier' (.yaml,.yml,.json accepted), skipping"
logger=provisioning.alerting t=2024-03-03T14:03:33.507043526+09:00 level=info msg="starting to provision alerting"
logger=provisioning.alerting t=2024-03-03T14:03:33.507055175+09:00 level=info msg="finished to provision alerting"
logger=grafanaStorageLogger t=2024-03-03T14:03:33.507296409+09:00 level=info msg="storage starting"
logger=modules t=2024-03-03T14:03:33.507315222+09:00 level=warn msg="No modules registered..."
logger=ngalert.state.manager t=2024-03-03T14:03:33.507432641+09:00 level=info msg="Warming state cache for startup"
logger=http.server t=2024-03-03T14:03:33.509087617+09:00 level=info msg="HTTP Server Listen" address=[::]:3000 protocol=http subUrl= socket=
logger=ngalert.state.manager t=2024-03-03T14:03:33.517057211+09:00 level=info msg="State cache has been initialized" states=0 duration=9.621782ms
logger=ticker t=2024-03-03T14:03:33.517197032+09:00 level=info msg=starting first_tick=2024-03-03T14:03:40+09:00
logger=ngalert.multiorg.alertmanager t=2024-03-03T14:03:33.517221775+09:00 level=info msg="starting MultiOrg Alertmanager"
logger=grafana.update.checker t=2024-03-03T14:03:33.531741752+09:00 level=info msg="Update check succeeded" duration=24.062321ms
logger=plugins.update.checker t=2024-03-03T14:03:33.7113043+09:00 level=info msg="Update check succeeded" duration=203.800134ms
logger=context userId=1 orgId=1 uname=admin t=2024-03-03T14:03:33.831474965+09:00 level=info msg="Request Completed" method=GET path=/api/live/ws status=-1 remote_addr=[::1] time_ms=1 duration=1.015935ms size=0 referer= handler=/api/live/ws
logger=context userId=1 orgId=1 uname=admin t=2024-03-03T14:03:38.214870782+09:00 level=info msg="Request Completed" method=GET path=/test status=404 remote_addr=[::1] time_ms=3 duration=3.574396ms size=39478 referer= handler=notfound
logger=context userId=1 orgId=1 uname=admin t=2024-03-03T14:03:38.521338941+09:00 level=info msg="Request Completed" method=GET path=/api/live/ws status=-1 remote_addr=[::1] time_ms=0 duration=649.61µs size=0 referer= handler=/api/live/ws
logger=context userId=1 orgId=1 uname=admin t=2024-03-03T14:05:03.14415343+09:00 level=info msg="Request Completed" method=GET path=/test status=404 remote_addr=[::1] time_ms=2 duration=2.392907ms size=39478 referer= handler=notfound
logger=context userId=1 orgId=1 uname=admin t=2024-03-03T14:05:03.622236829+09:00 level=info msg="Request Completed" method=GET path=/api/live/ws status=-1 remote_addr=[::1] time_ms=0 duration=569.449µs size=0 referer= handler=/api/live/ws
logger=server t=2024-03-03T14:05:06.934109741+09:00 level=info msg="Shutdown started" reason="System signal: interrupt"
logger=tracing t=2024-03-03T14:05:06.934706114+09:00 level=info msg="Closing tracing"
logger=ticker t=2024-03-03T14:05:06.93497418+09:00 level=info msg=stopped last_tick=2024-03-03T14:05:00+09:00
logger=settings t=2024-03-03T14:05:07.445257549+09:00 level=info msg="Starting Grafana" version=9.5.12 commit=unknown-dev branch=main compiled=2024-03-02T01:14:54+09:00
logger=settings t=2024-03-03T14:05:07.44545985+09:00 level=warn msg="\"sentry\" frontend logging provider is deprecated and will be removed in the next major version. Use \"grafana\" provider instead."
logger=settings t=2024-03-03T14:05:07.445500421+09:00 level=info msg="Config loaded from" file=/home/dmyang/grafana/conf/defaults.ini
logger=settings t=2024-03-03T14:05:07.445520508+09:00 level=info msg=Target target=[all]
logger=settings t=2024-03-03T14:05:07.445540163+09:00 level=info msg="Path Home" path=/home/dmyang/grafana
logger=settings t=2024-03-03T14:05:07.445554526+09:00 level=info msg="Path Data" path=/home/dmyang/grafana/data
logger=settings t=2024-03-03T14:05:07.445572512+09:00 level=info msg="Path Logs" path=/home/dmyang/grafana/data/log
logger=settings t=2024-03-03T14:05:07.445599191+09:00 level=info msg="Path Plugins" path=/home/dmyang/grafana/data/plugins
logger=settings t=2024-03-03T14:05:07.445617073+09:00 level=info msg="Path Provisioning" path=/home/dmyang/grafana/conf/provisioning
logger=settings t=2024-03-03T14:05:07.445636767+09:00 level=info msg="App mode production"
logger=sqlstore t=2024-03-03T14:05:07.445757218+09:00 level=info msg="Connecting to DB" dbtype=sqlite3
logger=migrator t=2024-03-03T14:05:07.458028559+09:00 level=info msg="Starting DB migrations"
logger=migrator t=2024-03-03T14:05:07.461244058+09:00 level=info msg="migrations completed" performed=0 skipped=484 duration=281.42µs
logger=secrets t=2024-03-03T14:05:07.461550954+09:00 level=info msg="Envelope encryption state" enabled=true currentprovider=secretKey.v1
logger=plugin.loader t=2024-03-03T14:05:07.485471687+09:00 level=warn msg="Plugin missing module.js" pluginID=input warning="Missing module.js, If you loaded this plugin from git, make sure to compile it."
logger=plugin.loader t=2024-03-03T14:05:07.485549045+09:00 level=info msg="Plugin registered" pluginID=input
logger=local.finder t=2024-03-03T14:05:07.485559465+09:00 level=warn msg="Skipping finding plugins as directory does not exist" path=/home/dmyang/grafana/data/plugins
logger=query_data t=2024-03-03T14:05:07.489900925+09:00 level=info msg="Query Service initialization"
logger=live.push_http t=2024-03-03T14:05:07.491590933+09:00 level=info msg="Live Push Gateway initialization"
logger=infra.usagestats.collector t=2024-03-03T14:05:08.186240068+09:00 level=info msg="registering usage stat providers" usageStatsProvidersLen=2
logger=provisioning.alerting t=2024-03-03T14:05:08.186671107+09:00 level=warn msg="file has invalid suffix 'sample.yaml:Zone.Identifier' (.yaml,.yml,.json accepted), skipping"
logger=provisioning.alerting t=2024-03-03T14:05:08.186728237+09:00 level=info msg="starting to provision alerting"
logger=provisioning.alerting t=2024-03-03T14:05:08.186746755+09:00 level=info msg="finished to provision alerting"
logger=modules t=2024-03-03T14:05:08.187010068+09:00 level=warn msg="No modules registered..."
logger=ngalert.state.manager t=2024-03-03T14:05:08.187318822+09:00 level=info msg="Warming state cache for startup"
logger=grafanaStorageLogger t=2024-03-03T14:05:08.188784003+09:00 level=info msg="storage starting"
logger=http.server t=2024-03-03T14:05:08.192702008+09:00 level=info msg="HTTP Server Listen" address=[::]:3000 protocol=http subUrl= socket=
logger=ngalert.state.manager t=2024-03-03T14:05:08.196162573+09:00 level=info msg="State cache has been initialized" states=0 duration=8.84263ms
logger=ngalert.multiorg.alertmanager t=2024-03-03T14:05:08.196253054+09:00 level=info msg="starting MultiOrg Alertmanager"
logger=ticker t=2024-03-03T14:05:08.196274818+09:00 level=info msg=starting first_tick=2024-03-03T14:05:10+09:00
logger=grafana.update.checker t=2024-03-03T14:05:08.247696626+09:00 level=info msg="Update check succeeded" duration=60.593472ms
logger=plugins.update.checker t=2024-03-03T14:05:08.441285262+09:00 level=info msg="Update check succeeded" duration=252.467825ms
logger=context userId=1 orgId=1 uname=admin t=2024-03-03T14:05:08.978249652+09:00 level=info msg="Request Completed" method=GET path=/api/live/ws status=-1 remote_addr=[::1] time_ms=2 duration=2.167116ms size=0 referer= handler=/api/live/ws
logger=context userId=1 orgId=1 uname=admin t=2024-03-03T14:05:13.195246956+09:00 level=info msg="Request Completed" method=GET path=/test status=404 remote_addr=[::1] time_ms=6 duration=6.294065ms size=39478 referer= handler=notfound
logger=context userId=1 orgId=1 uname=admin t=2024-03-03T14:05:13.500571296+09:00 level=info msg="Request Completed" method=GET path=/api/live/ws status=-1 remote_addr=[::1] time_ms=0 duration=876.519µs size=0 referer= handler=/api/live/ws
logger=context userId=1 orgId=1 uname=admin t=2024-03-03T14:06:00.093465603+09:00 level=info msg="Request Completed" method=GET path=/test status=404 remote_addr=[::1] time_ms=2 duration=2.077688ms size=39478 referer= handler=notfound
logger=context userId=1 orgId=1 uname=admin t=2024-03-03T14:06:00.525650838+09:00 level=info msg="Request Completed" method=GET path=/api/live/ws status=-1 remote_addr=[::1] time_ms=0 duration=681.876µs size=0 referer= handler=/api/live/ws
logger=cleanup t=2024-03-03T14:15:08.200119837+09:00 level=info msg="Completed cleanup jobs" duration=9.88315ms
logger=grafana.update.checker t=2024-03-03T14:15:08.270793065+09:00 level=info msg="Update check succeeded" duration=22.312105ms
logger=plugins.update.checker t=2024-03-03T14:15:08.650498825+09:00 level=info msg="Update check succeeded" duration=208.359545ms
logger=cleanup t=2024-03-03T14:25:08.219090096+09:00 level=info msg="Completed cleanup jobs" duration=29.349516ms
logger=grafana.update.checker t=2024-03-03T14:25:08.270394831+09:00 level=info msg="Update check succeeded" duration=21.627991ms
logger=plugins.update.checker t=2024-03-03T14:25:08.646699922+09:00 level=info msg="Update check succeeded" duration=205.03992ms
logger=cleanup t=2024-03-03T14:35:08.201329719+09:00 level=info msg="Completed cleanup jobs" duration=11.627822ms
logger=grafana.update.checker t=2024-03-03T14:35:08.268251069+09:00 level=info msg="Update check succeeded" duration=19.79803ms
logger=plugins.update.checker t=2024-03-03T14:35:08.646726944+09:00 level=info msg="Update check succeeded" duration=205.106955ms
logger=cleanup t=2024-03-03T14:45:08.199531008+09:00 level=info msg="Completed cleanup jobs" duration=10.12956ms
logger=grafana.update.checker t=2024-03-03T14:45:08.267498363+09:00 level=info msg="Update check succeeded" duration=19.074772ms
logger=plugins.update.checker t=2024-03-03T14:45:08.641509635+09:00 level=info msg="Update check succeeded" duration=199.22509ms
logger=cleanup t=2024-03-03T14:55:08.194578394+09:00 level=info msg="Completed cleanup jobs" duration=4.837314ms
logger=grafana.update.checker t=2024-03-03T14:55:08.268929635+09:00 level=info msg="Update check succeeded" duration=20.812567ms
logger=plugins.update.checker t=2024-03-03T14:55:08.639819663+09:00 level=info msg="Update check succeeded" duration=197.301172ms
logger=cleanup t=2024-03-03T15:05:08.210860483+09:00 level=info msg="Completed cleanup jobs" duration=20.523116ms
logger=grafana.update.checker t=2024-03-03T15:05:08.264965823+09:00 level=info msg="Update check succeeded" duration=17.060331ms
logger=plugins.update.checker t=2024-03-03T15:05:08.646364879+09:00 level=info msg="Update check succeeded" duration=203.967005ms
logger=cleanup t=2024-03-03T15:15:08.21243931+09:00 level=info msg="Completed cleanup jobs" duration=22.976478ms
logger=grafana.update.checker t=2024-03-03T15:15:08.274056324+09:00 level=info msg="Update check succeeded" duration=25.252293ms
logger=plugins.update.checker t=2024-03-03T15:15:08.646910572+09:00 level=info msg="Update check succeeded" duration=205.012587ms
logger=cleanup t=2024-03-03T15:25:08.211548516+09:00 level=info msg="Completed cleanup jobs" duration=22.151369ms
logger=grafana.update.checker t=2024-03-03T15:25:08.271995965+09:00 level=info msg="Update check succeeded" duration=24.073058ms
logger=plugins.update.checker t=2024-03-03T15:25:08.664644007+09:00 level=info msg="Update check succeeded" duration=222.227999ms
logger=cleanup t=2024-03-03T15:35:08.20203865+09:00 level=info msg="Completed cleanup jobs" duration=11.827707ms
logger=grafana.update.checker t=2024-03-03T15:35:08.274320164+09:00 level=info msg="Update check succeeded" duration=26.000338ms
logger=plugins.update.checker t=2024-03-03T15:35:08.728982104+09:00 level=info msg="Update check succeeded" duration=287.369387ms
logger=cleanup t=2024-03-03T15:45:08.200106934+09:00 level=info msg="Completed cleanup jobs" duration=10.502766ms
logger=grafana.update.checker t=2024-03-03T15:45:08.270645576+09:00 level=info msg="Update check succeeded" duration=22.623312ms
logger=plugins.update.checker t=2024-03-03T15:45:08.642916631+09:00 level=info msg="Update check succeeded" duration=201.260791ms
logger=cleanup t=2024-03-03T15:55:08.19437369+09:00 level=info msg="Completed cleanup jobs" duration=4.319347ms
logger=grafana.update.checker t=2024-03-03T15:55:08.266662694+09:00 level=info msg="Update check succeeded" duration=17.81187ms
logger=plugins.update.checker t=2024-03-03T15:55:08.645570529+09:00 level=info msg="Update check succeeded" duration=202.925408ms
logger=cleanup t=2024-03-03T16:05:08.199920574+09:00 level=info msg="Completed cleanup jobs" duration=10.575591ms
logger=grafana.update.checker t=2024-03-03T16:05:08.266616307+09:00 level=info msg="Update check succeeded" duration=18.12231ms
logger=plugins.update.checker t=2024-03-03T16:05:08.646172441+09:00 level=info msg="Update check succeeded" duration=203.699932ms
logger=context userId=1 orgId=1 uname=admin t=2024-03-03T16:11:27.788546511+09:00 level=info msg="Request Completed" method=GET path=/test status=404 remote_addr=[::1] time_ms=11 duration=11.686706ms size=39478 referer= handler=notfound
logger=context userId=1 orgId=1 uname=admin t=2024-03-03T16:11:28.978165453+09:00 level=info msg="Request Completed" method=GET path=/api/live/ws status=-1 remote_addr=[::1] time_ms=6 duration=6.780722ms size=0 referer= handler=/api/live/ws
logger=server t=2024-03-03T16:14:15.661978471+09:00 level=info msg="Shutdown started" reason="System signal: interrupt"
logger=tracing t=2024-03-03T16:14:15.66235334+09:00 level=info msg="Closing tracing"
logger=ticker t=2024-03-03T16:14:15.662682979+09:00 level=info msg=stopped last_tick=2024-03-03T16:14:10+09:00
logger=settings t=2024-03-03T16:14:17.364704856+09:00 level=info msg="Starting Grafana" version=9.5.12 commit=unknown-dev branch=main compiled=2024-03-02T01:14:54+09:00
logger=settings t=2024-03-03T16:14:17.364989982+09:00 level=warn msg="\"sentry\" frontend logging provider is deprecated and will be removed in the next major version. Use \"grafana\" provider instead."
logger=settings t=2024-03-03T16:14:17.36503092+09:00 level=info msg="Config loaded from" file=/home/dmyang/grafana/conf/defaults.ini
logger=settings t=2024-03-03T16:14:17.365051653+09:00 level=info msg=Target target=[all]
logger=settings t=2024-03-03T16:14:17.365073615+09:00 level=info msg="Path Home" path=/home/dmyang/grafana
logger=settings t=2024-03-03T16:14:17.365132881+09:00 level=info msg="Path Data" path=/home/dmyang/grafana/data
logger=settings t=2024-03-03T16:14:17.365153813+09:00 level=info msg="Path Logs" path=/home/dmyang/grafana/data/log
logger=settings t=2024-03-03T16:14:17.365161866+09:00 level=info msg="Path Plugins" path=/home/dmyang/grafana/data/plugins
logger=settings t=2024-03-03T16:14:17.365180848+09:00 level=info msg="Path Provisioning" path=/home/dmyang/grafana/conf/provisioning
logger=settings t=2024-03-03T16:14:17.365207844+09:00 level=info msg="App mode production"
logger=sqlstore t=2024-03-03T16:14:17.365396718+09:00 level=info msg="Connecting to DB" dbtype=sqlite3
logger=migrator t=2024-03-03T16:14:17.376944918+09:00 level=info msg="Starting DB migrations"
logger=migrator t=2024-03-03T16:14:17.380401268+09:00 level=info msg="migrations completed" performed=0 skipped=484 duration=324.178µs
logger=secrets t=2024-03-03T16:14:17.380989286+09:00 level=info msg="Envelope encryption state" enabled=true currentprovider=secretKey.v1
logger=plugin.loader t=2024-03-03T16:14:17.409462131+09:00 level=warn msg="Plugin missing module.js" pluginID=input warning="Missing module.js, If you loaded this plugin from git, make sure to compile it."
logger=plugin.loader t=2024-03-03T16:14:17.409546825+09:00 level=info msg="Plugin registered" pluginID=input
logger=local.finder t=2024-03-03T16:14:17.409559185+09:00 level=warn msg="Skipping finding plugins as directory does not exist" path=/home/dmyang/grafana/data/plugins
logger=query_data t=2024-03-03T16:14:17.412223802+09:00 level=info msg="Query Service initialization"
logger=live.push_http t=2024-03-03T16:14:17.413965637+09:00 level=info msg="Live Push Gateway initialization"
logger=infra.usagestats.collector t=2024-03-03T16:14:18.150277646+09:00 level=info msg="registering usage stat providers" usageStatsProvidersLen=2
logger=provisioning.alerting t=2024-03-03T16:14:18.150940247+09:00 level=warn msg="file has invalid suffix 'sample.yaml:Zone.Identifier' (.yaml,.yml,.json accepted), skipping"
logger=provisioning.alerting t=2024-03-03T16:14:18.15098518+09:00 level=info msg="starting to provision alerting"
logger=provisioning.alerting t=2024-03-03T16:14:18.151008002+09:00 level=info msg="finished to provision alerting"
logger=modules t=2024-03-03T16:14:18.151199644+09:00 level=warn msg="No modules registered..."
logger=ngalert.state.manager t=2024-03-03T16:14:18.151605353+09:00 level=info msg="Warming state cache for startup"
logger=grafanaStorageLogger t=2024-03-03T16:14:18.151513822+09:00 level=info msg="storage starting"
logger=http.server t=2024-03-03T16:14:18.154886975+09:00 level=info msg="HTTP Server Listen" address=[::]:3000 protocol=http subUrl= socket=
logger=ngalert.state.manager t=2024-03-03T16:14:18.167819552+09:00 level=info msg="State cache has been initialized" states=0 duration=16.211832ms
logger=ticker t=2024-03-03T16:14:18.167990467+09:00 level=info msg=starting first_tick=2024-03-03T16:14:20+09:00
logger=ngalert.multiorg.alertmanager t=2024-03-03T16:14:18.168047166+09:00 level=info msg="starting MultiOrg Alertmanager"
logger=grafana.update.checker t=2024-03-03T16:14:18.223581011+09:00 level=info msg="Update check succeeded" duration=71.921498ms
logger=plugins.update.checker t=2024-03-03T16:14:18.39552073+09:00 level=info msg="Update check succeeded" duration=243.83974ms
logger=context userId=1 orgId=1 uname=admin t=2024-03-03T16:14:18.655801964+09:00 level=info msg="Request Completed" method=GET path=/api/live/ws status=-1 remote_addr=[::1] time_ms=2 duration=2.412605ms size=0 referer= handler=/api/live/ws
logger=context userId=1 orgId=1 uname=admin t=2024-03-03T16:14:23.629446022+09:00 level=info msg="Request Completed" method=GET path=/test status=404 remote_addr=[::1] time_ms=3 duration=3.347421ms size=39478 referer= handler=notfound
logger=context userId=1 orgId=1 uname=admin t=2024-03-03T16:14:24.019666584+09:00 level=info msg="Request Completed" method=GET path=/api/live/ws status=-1 remote_addr=[::1] time_ms=0 duration=584.921µs size=0 referer= handler=/api/live/ws
logger=context userId=1 orgId=1 uname=admin t=2024-03-03T16:14:27.018495008+09:00 level=info msg="Request Completed" method=GET path=/api/live/ws status=-1 remote_addr=[::1] time_ms=0 duration=688.577µs size=0 referer= handler=/api/live/ws
logger=context userId=1 orgId=1 uname=admin t=2024-03-03T16:14:29.183480694+09:00 level=info msg="Request Completed" method=GET path=/api/live/ws status=-1 remote_addr=[::1] time_ms=0 duration=659.016µs size=0 referer= handler=/api/live/ws
